Using pre-set license
Built from '2020.3/staging' branch; Version is '2020.3.8f1 (507919d4fff5) revision 5273881'; Using compiler version '192528614'; Build Type 'Release'
OS: 'Windows 10 Home Single Language; OS build 19042.1237; Version 2009; 64bit' Language: 'ru' Physical Memory: 16227 MB
BatchMode: 1, IsHumanControllingUs: 0, StartBugReporterOnCrash: 0, Is64bit: 1, IsPro: 0

 COMMAND LINE ARGUMENTS:
C:\Program Files\Unity\Hub\Editor\2020.3.8f1\Editor\Unity.exe
-adb2
-batchMode
-noUpm
-name
AssetImportWorker0
-projectPath
D:/Unity/My Unity Project/IslandSurvival/Island Survival
-logFile
Logs/AssetImportWorker0.log
-srvPort
61211
Successfully changed project path to: D:/Unity/My Unity Project/IslandSurvival/Island Survival
D:/Unity/My Unity Project/IslandSurvival/Island Survival
Using Asset Import Pipeline V2.
Refreshing native plugins compatible for Editor in 42.13 ms, found 1 plugins.
Preloading 0 native plugins for Editor in 0.00 ms.
Initialize engine version: 2020.3.8f1 (507919d4fff5)
[Subsystems] Discovering subsystems at path C:/Program Files/Unity/Hub/Editor/2020.3.8f1/Editor/Data/Resources/UnitySubsystems
[Subsystems] Discovering subsystems at path D:/Unity/My Unity Project/IslandSurvival/Island Survival/Assets
GfxDevice: creating device client; threaded=0
Direct3D:
    Version:  Direct3D 11.0 [level 11.1]
    Renderer: NVIDIA GeForce GTX 1650 Ti (ID=0x1f95)
    Vendor:   
    VRAM:     3962 MB
    Driver:   27.21.14.6172
Initialize mono
Mono path[0] = 'C:/Program Files/Unity/Hub/Editor/2020.3.8f1/Editor/Data/Managed'
Mono path[1] = 'C:/Program Files/Unity/Hub/Editor/2020.3.8f1/Editor/Data/MonoBleedingEdge/lib/mono/unityjit'
Mono config path = 'C:/Program Files/Unity/Hub/Editor/2020.3.8f1/Editor/Data/MonoBleedingEdge/etc'
Using monoOptions --debugger-agent=transport=dt_socket,embedding=1,server=y,suspend=n,address=127.0.0.1:56244
Begin MonoManager ReloadAssembly
Registering precompiled unity dll's ...
Register platform support module: C:/Program Files/Unity/Hub/Editor/2020.3.8f1/Editor/Data/PlaybackEngines/WindowsStandaloneSupport/UnityEditor.WindowsStandalone.Extensions.dll
Registered in 0.002630 seconds.
Native extension for WindowsStandalone target not found
Refreshing native plugins compatible for Editor in 42.39 ms, found 1 plugins.
Preloading 0 native plugins for Editor in 0.00 ms.
Mono: successfully reloaded assembly
- Completed reload, in  2.208 seconds
Platform modules already initialized, skipping
Registering precompiled user dll's ...
Registered in 0.001744 seconds.
Begin MonoManager ReloadAssembly
Native extension for WindowsStandalone target not found
Refreshing native plugins compatible for Editor in 42.57 ms, found 1 plugins.
Preloading 0 native plugins for Editor in 0.00 ms.
Mono: successfully reloaded assembly
- Completed reload, in  1.211 seconds
Platform modules already initialized, skipping
========================================================================
Worker process is ready to serve import requests
Launched and connected shader compiler UnityShaderCompiler.exe after 0.05 seconds
Refreshing native plugins compatible for Editor in 0.56 ms, found 1 plugins.
Preloading 0 native plugins for Editor in 0.00 ms.
Unloading 1843 Unused Serialized files (Serialized files now loaded: 0)
System memory in use before: 85.7 MB.
System memory in use after: 85.6 MB.

Unloading 24 unused Assets to reduce memory usage. Loaded Objects now: 2285.
Total: 2.526900 ms (FindLiveObjects: 0.166100 ms CreateObjectMapping: 0.050800 ms MarkObjects: 2.154100 ms  DeleteObjects: 0.155000 ms)

========================================================================
Received Import Request.
  path: Assets/Scripts/Model/Inventory.cs
  artifactKey: Guid(84ad57f73aa06154e882b4353c6e36c6) Importer(815301076,1909f56bfc062723c751e8b465ee728b)
Start importing Assets/Scripts/Model/Inventory.cs using Guid(84ad57f73aa06154e882b4353c6e36c6) Importer(815301076,1909f56bfc062723c751e8b465ee728b)  -> (artifact id: '084f424c1ca41be49225f302fde9aacf') in 0.021215 seconds
  Import took 0.038463 seconds .

========================================================================
Received Import Request.
  Time since last request: 0.000890 seconds.
  path: Assets/Scripts/Model/Inventory.cs
  artifactKey: Guid(84ad57f73aa06154e882b4353c6e36c6) Importer(815301076,1909f56bfc062723c751e8b465ee728b)
Start importing Assets/Scripts/Model/Inventory.cs using Guid(84ad57f73aa06154e882b4353c6e36c6) Importer(815301076,1909f56bfc062723c751e8b465ee728b)  -> (artifact id: '084f424c1ca41be49225f302fde9aacf') in 0.001645 seconds
  Import took 0.015246 seconds .

========================================================================
Received Import Request.
  Time since last request: 16.349100 seconds.
  path: Assets/Scripts/Model/Resipes/Resipes.cs
  artifactKey: Guid(447740aadf7ba044fa4edcc5d6c59013) Importer(815301076,1909f56bfc062723c751e8b465ee728b)
Start importing Assets/Scripts/Model/Resipes/Resipes.cs using Guid(447740aadf7ba044fa4edcc5d6c59013) Importer(815301076,1909f56bfc062723c751e8b465ee728b)  -> (artifact id: 'c9b310588ce7b620761be2659c076ca0') in 0.001458 seconds
  Import took 0.102473 seconds .

========================================================================
Received Import Request.
  Time since last request: 5.725913 seconds.
  path: Assets/Scripts/Model/Direction.cs
  artifactKey: Guid(cf54e6e787e34ba46a71249d45fc3a55) Importer(815301076,1909f56bfc062723c751e8b465ee728b)
Start importing Assets/Scripts/Model/Direction.cs using Guid(cf54e6e787e34ba46a71249d45fc3a55) Importer(815301076,1909f56bfc062723c751e8b465ee728b)  -> (artifact id: '64d2cf201fa1b74e63b597577c072144') in 0.002271 seconds
  Import took 0.031752 seconds .

========================================================================
Received Import Request.
  Time since last request: 1.623187 seconds.
  path: Assets/Scripts/Model/Entity.cs
  artifactKey: Guid(5101a2eafce0a6743bc3609a9d8c8bec) Importer(815301076,1909f56bfc062723c751e8b465ee728b)
Start importing Assets/Scripts/Model/Entity.cs using Guid(5101a2eafce0a6743bc3609a9d8c8bec) Importer(815301076,1909f56bfc062723c751e8b465ee728b)  -> (artifact id: 'ee9584f0286fa738e9c435b67532012a') in 0.002007 seconds
  Import took 0.013383 seconds .

AssetImportWorkerClient::OnTransportError - code=2 error=End of file
